mode: set
github.com/nurkenti/furnitureShop/api/server.go:13.44,26.2 10 1
github.com/nurkenti/furnitureShop/api/server.go:29.51,31.2 1 0
github.com/nurkenti/furnitureShop/api/server.go:33.37,35.2 1 1
github.com/nurkenti/furnitureShop/api/user.go:24.52,26.49 2 0
github.com/nurkenti/furnitureShop/api/user.go:26.49,29.3 2 0
github.com/nurkenti/furnitureShop/api/user.go:32.2,33.16 2 0
github.com/nurkenti/furnitureShop/api/user.go:33.16,36.3 2 0
github.com/nurkenti/furnitureShop/api/user.go:39.2,59.16 8 0
github.com/nurkenti/furnitureShop/api/user.go:59.16,62.3 2 0
github.com/nurkenti/furnitureShop/api/user.go:64.2,64.31 1 0
github.com/nurkenti/furnitureShop/api/user.go:67.46,69.16 2 0
github.com/nurkenti/furnitureShop/api/user.go:69.16,71.3 1 0
github.com/nurkenti/furnitureShop/api/user.go:72.2,72.28 1 0
github.com/nurkenti/furnitureShop/api/user.go:79.51,81.48 2 1
github.com/nurkenti/furnitureShop/api/user.go:81.48,84.3 2 1
github.com/nurkenti/furnitureShop/api/user.go:86.2,89.16 4 1
github.com/nurkenti/furnitureShop/api/user.go:89.16,92.3 2 0
github.com/nurkenti/furnitureShop/api/user.go:94.2,95.16 2 1
github.com/nurkenti/furnitureShop/api/user.go:95.16,96.36 1 1
github.com/nurkenti/furnitureShop/api/user.go:96.36,99.4 2 1
github.com/nurkenti/furnitureShop/api/user.go:101.3,102.9 2 1
github.com/nurkenti/furnitureShop/api/user.go:106.2,106.31 1 1
github.com/nurkenti/furnitureShop/api/user.go:109.49,111.17 2 0
github.com/nurkenti/furnitureShop/api/user.go:111.17,114.3 2 0
github.com/nurkenti/furnitureShop/api/user.go:116.2,117.16 2 0
github.com/nurkenti/furnitureShop/api/user.go:117.16,118.27 1 0
github.com/nurkenti/furnitureShop/api/user.go:118.27,121.4 2 0
github.com/nurkenti/furnitureShop/api/user.go:122.3,123.9 2 0
github.com/nurkenti/furnitureShop/api/user.go:125.2,125.31 1 0
github.com/nurkenti/furnitureShop/api/user.go:133.51,135.50 2 0
github.com/nurkenti/furnitureShop/api/user.go:135.50,138.3 2 0
github.com/nurkenti/furnitureShop/api/user.go:139.2,144.16 3 0
github.com/nurkenti/furnitureShop/api/user.go:144.16,147.3 2 0
github.com/nurkenti/furnitureShop/api/user.go:148.2,148.31 1 0
github.com/nurkenti/furnitureShop/api/user.go:152.52,154.17 2 0
github.com/nurkenti/furnitureShop/api/user.go:154.17,157.3 2 0
github.com/nurkenti/furnitureShop/api/user.go:158.2,159.16 2 0
github.com/nurkenti/furnitureShop/api/user.go:159.16,162.3 2 0
github.com/nurkenti/furnitureShop/api/user.go:162.8,164.3 1 0
github.com/nurkenti/furnitureShop/api/user.go:166.2,166.30 1 0
github.com/nurkenti/furnitureShop/api/user.go:180.46,182.49 2 0
github.com/nurkenti/furnitureShop/api/user.go:182.49,185.3 2 0
github.com/nurkenti/furnitureShop/api/user.go:187.2,196.30 5 0
